<?xml version="1.0" encoding="UTF-8"?>
<testsuite xmlns:xsi="http://www.w3.org/2001/XMLSchema-instance" xsi:noNamespaceSchemaLocation="https://maven.apache.org/surefire/maven-surefire-plugin/xsd/surefire-test-report.xsd" name="nl.amsterdam.app.AppTest" time="0.011" tests="1" errors="0" skipped="0" failures="0">
  <properties>
    <property name="java.specification.version" value="20"/>
    <property name="sun.jnu.encoding" value="UTF-8"/>
    <property name="java.class.path" value="/Users/richardkooijman/Documents/Projects/data-maps/render/target/test-classes:/Users/richardkooijman/Documents/Projects/data-maps/render/target/classes:/Users/richardkooijman/.m2/repository/junit/junit/4.11/junit-4.11.jar:/Users/richardkooijman/.m2/repository/org/hamcrest/hamcrest-core/1.3/hamcrest-core-1.3.jar:/Users/richardkooijman/.m2/repository/com/azure/azure-maps-render/1.0.0-beta.2/azure-maps-render-1.0.0-beta.2.jar:/Users/richardkooijman/.m2/repository/com/azure/azure-core/1.41.0/azure-core-1.41.0.jar:/Users/richardkooijman/.m2/repository/com/azure/azure-json/1.0.1/azure-json-1.0.1.jar:/Users/richardkooijman/.m2/repository/com/fasterxml/jackson/core/jackson-annotations/2.13.5/jackson-annotations-2.13.5.jar:/Users/richardkooijman/.m2/repository/com/fasterxml/jackson/core/jackson-core/2.13.5/jackson-core-2.13.5.jar:/Users/richardkooijman/.m2/repository/com/fasterxml/jackson/core/jackson-databind/2.13.5/jackson-databind-2.13.5.jar:/Users/richardkooijman/.m2/repository/com/fasterxml/jackson/datatype/jackson-datatype-jsr310/2.13.5/jackson-datatype-jsr310-2.13.5.jar:/Users/richardkooijman/.m2/repository/org/slf4j/slf4j-api/1.7.36/slf4j-api-1.7.36.jar:/Users/richardkooijman/.m2/repository/io/projectreactor/reactor-core/3.4.30/reactor-core-3.4.30.jar:/Users/richardkooijman/.m2/repository/org/reactivestreams/reactive-streams/1.0.4/reactive-streams-1.0.4.jar:/Users/richardkooijman/.m2/repository/com/azure/azure-core-http-netty/1.13.5/azure-core-http-netty-1.13.5.jar:/Users/richardkooijman/.m2/repository/io/netty/netty-handler/4.1.94.Final/netty-handler-4.1.94.Final.jar:/Users/richardkooijman/.m2/repository/io/netty/netty-resolver/4.1.94.Final/netty-resolver-4.1.94.Final.jar:/Users/richardkooijman/.m2/repository/io/netty/netty-transport/4.1.94.Final/netty-transport-4.1.94.Final.jar:/Users/richardkooijman/.m2/repository/io/netty/netty-handler-proxy/4.1.94.Final/netty-handler-proxy-4.1.94.Final.jar:/Users/richardkooijman/.m2/repository/io/netty/netty-codec-socks/4.1.94.Final/netty-codec-socks-4.1.94.Final.jar:/Users/richardkooijman/.m2/repository/io/netty/netty-buffer/4.1.94.Final/netty-buffer-4.1.94.Final.jar:/Users/richardkooijman/.m2/repository/io/netty/netty-codec/4.1.94.Final/netty-codec-4.1.94.Final.jar:/Users/richardkooijman/.m2/repository/io/netty/netty-codec-http/4.1.94.Final/netty-codec-http-4.1.94.Final.jar:/Users/richardkooijman/.m2/repository/io/netty/netty-codec-http2/4.1.94.Final/netty-codec-http2-4.1.94.Final.jar:/Users/richardkooijman/.m2/repository/io/netty/netty-transport-native-unix-common/4.1.94.Final/netty-transport-native-unix-common-4.1.94.Final.jar:/Users/richardkooijman/.m2/repository/io/netty/netty-transport-native-epoll/4.1.94.Final/netty-transport-native-epoll-4.1.94.Final-linux-x86_64.jar:/Users/richardkooijman/.m2/repository/io/netty/netty-transport-classes-epoll/4.1.94.Final/netty-transport-classes-epoll-4.1.94.Final.jar:/Users/richardkooijman/.m2/repository/io/netty/netty-transport-native-kqueue/4.1.94.Final/netty-transport-native-kqueue-4.1.94.Final-osx-x86_64.jar:/Users/richardkooijman/.m2/repository/io/netty/netty-transport-classes-kqueue/4.1.94.Final/netty-transport-classes-kqueue-4.1.94.Final.jar:/Users/richardkooijman/.m2/repository/io/netty/netty-tcnative-boringssl-static/2.0.61.Final/netty-tcnative-boringssl-static-2.0.61.Final.jar:/Users/richardkooijman/.m2/repository/io/netty/netty-tcnative-classes/2.0.61.Final/netty-tcnative-classes-2.0.61.Final.jar:/Users/richardkooijman/.m2/repository/io/netty/netty-tcnative-boringssl-static/2.0.61.Final/netty-tcnative-boringssl-static-2.0.61.Final-linux-x86_64.jar:/Users/richardkooijman/.m2/repository/io/netty/netty-tcnative-boringssl-static/2.0.61.Final/netty-tcnative-boringssl-static-2.0.61.Final-linux-aarch_64.jar:/Users/richardkooijman/.m2/repository/io/netty/netty-tcnative-boringssl-static/2.0.61.Final/netty-tcnative-boringssl-static-2.0.61.Final-osx-x86_64.jar:/Users/richardkooijman/.m2/repository/io/netty/netty-tcnative-boringssl-static/2.0.61.Final/netty-tcnative-boringssl-static-2.0.61.Final-osx-aarch_64.jar:/Users/richardkooijman/.m2/repository/io/netty/netty-tcnative-boringssl-static/2.0.61.Final/netty-tcnative-boringssl-static-2.0.61.Final-windows-x86_64.jar:/Users/richardkooijman/.m2/repository/io/projectreactor/netty/reactor-netty-http/1.0.33/reactor-netty-http-1.0.33.jar:/Users/richardkooijman/.m2/repository/io/netty/netty-resolver-dns/4.1.93.Final/netty-resolver-dns-4.1.93.Final.jar:/Users/richardkooijman/.m2/repository/io/netty/netty-codec-dns/4.1.93.Final/netty-codec-dns-4.1.93.Final.jar:/Users/richardkooijman/.m2/repository/io/netty/netty-resolver-dns-native-macos/4.1.93.Final/netty-resolver-dns-native-macos-4.1.93.Final-osx-x86_64.jar:/Users/richardkooijman/.m2/repository/io/netty/netty-resolver-dns-classes-macos/4.1.93.Final/netty-resolver-dns-classes-macos-4.1.93.Final.jar:/Users/richardkooijman/.m2/repository/io/projectreactor/netty/reactor-netty-core/1.0.33/reactor-netty-core-1.0.33.jar:/Users/richardkooijman/.m2/repository/io/netty/netty-common/4.1.94.Final/netty-common-4.1.94.Final.jar:"/>
    <property name="java.vm.vendor" value="Homebrew"/>
    <property name="sun.arch.data.model" value="64"/>
    <property name="java.vendor.url" value="https://github.com/Homebrew/homebrew-core/issues"/>
    <property name="os.name" value="Mac OS X"/>
    <property name="java.vm.specification.version" value="20"/>
    <property name="sun.java.launcher" value="SUN_STANDARD"/>
    <property name="user.country" value="NL"/>
    <property name="sun.boot.library.path" value="/opt/homebrew/Cellar/openjdk/20.0.1/libexec/openjdk.jdk/Contents/Home/lib"/>
    <property name="sun.java.command" value="/Users/richardkooijman/Documents/Projects/data-maps/render/target/surefire/surefirebooter9252350846958429716.jar /Users/richardkooijman/Documents/Projects/data-maps/render/target/surefire 2023-08-01T17-33-23_747-jvmRun1 surefire8502059033527205346tmp surefire_016330680730906175488tmp"/>
    <property name="jdk.debug" value="release"/>
    <property name="surefire.test.class.path" value="/Users/richardkooijman/Documents/Projects/data-maps/render/target/test-classes:/Users/richardkooijman/Documents/Projects/data-maps/render/target/classes:/Users/richardkooijman/.m2/repository/junit/junit/4.11/junit-4.11.jar:/Users/richardkooijman/.m2/repository/org/hamcrest/hamcrest-core/1.3/hamcrest-core-1.3.jar:/Users/richardkooijman/.m2/repository/com/azure/azure-maps-render/1.0.0-beta.2/azure-maps-render-1.0.0-beta.2.jar:/Users/richardkooijman/.m2/repository/com/azure/azure-core/1.41.0/azure-core-1.41.0.jar:/Users/richardkooijman/.m2/repository/com/azure/azure-json/1.0.1/azure-json-1.0.1.jar:/Users/richardkooijman/.m2/repository/com/fasterxml/jackson/core/jackson-annotations/2.13.5/jackson-annotations-2.13.5.jar:/Users/richardkooijman/.m2/repository/com/fasterxml/jackson/core/jackson-core/2.13.5/jackson-core-2.13.5.jar:/Users/richardkooijman/.m2/repository/com/fasterxml/jackson/core/jackson-databind/2.13.5/jackson-databind-2.13.5.jar:/Users/richardkooijman/.m2/repository/com/fasterxml/jackson/datatype/jackson-datatype-jsr310/2.13.5/jackson-datatype-jsr310-2.13.5.jar:/Users/richardkooijman/.m2/repository/org/slf4j/slf4j-api/1.7.36/slf4j-api-1.7.36.jar:/Users/richardkooijman/.m2/repository/io/projectreactor/reactor-core/3.4.30/reactor-core-3.4.30.jar:/Users/richardkooijman/.m2/repository/org/reactivestreams/reactive-streams/1.0.4/reactive-streams-1.0.4.jar:/Users/richardkooijman/.m2/repository/com/azure/azure-core-http-netty/1.13.5/azure-core-http-netty-1.13.5.jar:/Users/richardkooijman/.m2/repository/io/netty/netty-handler/4.1.94.Final/netty-handler-4.1.94.Final.jar:/Users/richardkooijman/.m2/repository/io/netty/netty-resolver/4.1.94.Final/netty-resolver-4.1.94.Final.jar:/Users/richardkooijman/.m2/repository/io/netty/netty-transport/4.1.94.Final/netty-transport-4.1.94.Final.jar:/Users/richardkooijman/.m2/repository/io/netty/netty-handler-proxy/4.1.94.Final/netty-handler-proxy-4.1.94.Final.jar:/Users/richardkooijman/.m2/repository/io/netty/netty-codec-socks/4.1.94.Final/netty-codec-socks-4.1.94.Final.jar:/Users/richardkooijman/.m2/repository/io/netty/netty-buffer/4.1.94.Final/netty-buffer-4.1.94.Final.jar:/Users/richardkooijman/.m2/repository/io/netty/netty-codec/4.1.94.Final/netty-codec-4.1.94.Final.jar:/Users/richardkooijman/.m2/repository/io/netty/netty-codec-http/4.1.94.Final/netty-codec-http-4.1.94.Final.jar:/Users/richardkooijman/.m2/repository/io/netty/netty-codec-http2/4.1.94.Final/netty-codec-http2-4.1.94.Final.jar:/Users/richardkooijman/.m2/repository/io/netty/netty-transport-native-unix-common/4.1.94.Final/netty-transport-native-unix-common-4.1.94.Final.jar:/Users/richardkooijman/.m2/repository/io/netty/netty-transport-native-epoll/4.1.94.Final/netty-transport-native-epoll-4.1.94.Final-linux-x86_64.jar:/Users/richardkooijman/.m2/repository/io/netty/netty-transport-classes-epoll/4.1.94.Final/netty-transport-classes-epoll-4.1.94.Final.jar:/Users/richardkooijman/.m2/repository/io/netty/netty-transport-native-kqueue/4.1.94.Final/netty-transport-native-kqueue-4.1.94.Final-osx-x86_64.jar:/Users/richardkooijman/.m2/repository/io/netty/netty-transport-classes-kqueue/4.1.94.Final/netty-transport-classes-kqueue-4.1.94.Final.jar:/Users/richardkooijman/.m2/repository/io/netty/netty-tcnative-boringssl-static/2.0.61.Final/netty-tcnative-boringssl-static-2.0.61.Final.jar:/Users/richardkooijman/.m2/repository/io/netty/netty-tcnative-classes/2.0.61.Final/netty-tcnative-classes-2.0.61.Final.jar:/Users/richardkooijman/.m2/repository/io/netty/netty-tcnative-boringssl-static/2.0.61.Final/netty-tcnative-boringssl-static-2.0.61.Final-linux-x86_64.jar:/Users/richardkooijman/.m2/repository/io/netty/netty-tcnative-boringssl-static/2.0.61.Final/netty-tcnative-boringssl-static-2.0.61.Final-linux-aarch_64.jar:/Users/richardkooijman/.m2/repository/io/netty/netty-tcnative-boringssl-static/2.0.61.Final/netty-tcnative-boringssl-static-2.0.61.Final-osx-x86_64.jar:/Users/richardkooijman/.m2/repository/io/netty/netty-tcnative-boringssl-static/2.0.61.Final/netty-tcnative-boringssl-static-2.0.61.Final-osx-aarch_64.jar:/Users/richardkooijman/.m2/repository/io/netty/netty-tcnative-boringssl-static/2.0.61.Final/netty-tcnative-boringssl-static-2.0.61.Final-windows-x86_64.jar:/Users/richardkooijman/.m2/repository/io/projectreactor/netty/reactor-netty-http/1.0.33/reactor-netty-http-1.0.33.jar:/Users/richardkooijman/.m2/repository/io/netty/netty-resolver-dns/4.1.93.Final/netty-resolver-dns-4.1.93.Final.jar:/Users/richardkooijman/.m2/repository/io/netty/netty-codec-dns/4.1.93.Final/netty-codec-dns-4.1.93.Final.jar:/Users/richardkooijman/.m2/repository/io/netty/netty-resolver-dns-native-macos/4.1.93.Final/netty-resolver-dns-native-macos-4.1.93.Final-osx-x86_64.jar:/Users/richardkooijman/.m2/repository/io/netty/netty-resolver-dns-classes-macos/4.1.93.Final/netty-resolver-dns-classes-macos-4.1.93.Final.jar:/Users/richardkooijman/.m2/repository/io/projectreactor/netty/reactor-netty-core/1.0.33/reactor-netty-core-1.0.33.jar:/Users/richardkooijman/.m2/repository/io/netty/netty-common/4.1.94.Final/netty-common-4.1.94.Final.jar:"/>
    <property name="sun.cpu.endian" value="little"/>
    <property name="user.home" value="/Users/richardkooijman"/>
    <property name="user.language" value="en"/>
    <property name="java.specification.vendor" value="Oracle Corporation"/>
    <property name="java.version.date" value="2023-04-18"/>
    <property name="java.home" value="/opt/homebrew/Cellar/openjdk/20.0.1/libexec/openjdk.jdk/Contents/Home"/>
    <property name="file.separator" value="/"/>
    <property name="basedir" value="/Users/richardkooijman/Documents/Projects/data-maps/render"/>
    <property name="java.vm.compressedOopsMode" value="Zero based"/>
    <property name="line.separator" value="&#10;"/>
    <property name="java.specification.name" value="Java Platform API Specification"/>
    <property name="java.vm.specification.vendor" value="Oracle Corporation"/>
    <property name="apple.awt.application.name" value="ForkedBooter"/>
    <property name="surefire.real.class.path" value="/Users/richardkooijman/Documents/Projects/data-maps/render/target/surefire/surefirebooter9252350846958429716.jar"/>
    <property name="sun.management.compiler" value="HotSpot 64-Bit Tiered Compilers"/>
    <property name="java.runtime.version" value="20.0.1"/>
    <property name="user.name" value="richardkooijman"/>
    <property name="stdout.encoding" value="UTF-8"/>
    <property name="path.separator" value=":"/>
    <property name="os.version" value="13.5"/>
    <property name="java.runtime.name" value="OpenJDK Runtime Environment"/>
    <property name="file.encoding" value="UTF-8"/>
    <property name="java.vm.name" value="OpenJDK 64-Bit Server VM"/>
    <property name="java.vendor.version" value="Homebrew"/>
    <property name="localRepository" value="/Users/richardkooijman/.m2/repository"/>
    <property name="java.vendor.url.bug" value="https://github.com/Homebrew/homebrew-core/issues"/>
    <property name="java.io.tmpdir" value="/var/folders/1g/4mmjv40x2t978sbvdc_dlt980000gn/T/"/>
    <property name="java.version" value="20.0.1"/>
    <property name="user.dir" value="/Users/richardkooijman/Documents/Projects/data-maps/render"/>
    <property name="os.arch" value="aarch64"/>
    <property name="java.vm.specification.name" value="Java Virtual Machine Specification"/>
    <property name="native.encoding" value="UTF-8"/>
    <property name="java.library.path" value="/Users/richardkooijman/Library/Java/Extensions:/Library/Java/Extensions:/Network/Library/Java/Extensions:/System/Library/Java/Extensions:/usr/lib/java:."/>
    <property name="java.vm.info" value="mixed mode, sharing"/>
    <property name="stderr.encoding" value="UTF-8"/>
    <property name="java.vendor" value="Homebrew"/>
    <property name="java.vm.version" value="20.0.1"/>
    <property name="sun.io.unicode.encoding" value="UnicodeBig"/>
    <property name="java.class.version" value="64.0"/>
  </properties>
  <testcase name="shouldAnswerWithTrue" classname="nl.amsterdam.app.AppTest" time="0.001"/>
</testsuite>